<?xml version="1.0" encoding="UTF-8"?>
<!-- Generated by org.testng.reporters.JUnitXMLReporter -->
<testsuite hostname="LAPTOP-D1795DH4" ignored="0" name="Test(failed)" tests="5" failures="3" timestamp="17 Aug 2020 19:12:53 GMT" time="85.389" errors="0">
  <testcase name="loginTestDDT" time="6.907" classname="com.framework1st.testCases.TC_02_LogInDDT">
    <failure type="java.lang.AssertionError" message="expected [true] but found [false]">
      <![CDATA[java.lang.AssertionError: expected [true] but found [false]
at com.framework1st.testCases.TC_02_LogInDDT.loginTestDDT(TC_02_LogInDDT.java:29)
... Removed 29 stack frames]]>
    </failure>
  </testcase> <!-- loginTestDDT -->
  <testcase name="loginTestDDT" time="4.651" classname="com.framework1st.testCases.TC_02_LogInDDT">
    <failure type="java.lang.AssertionError" message="expected [true] but found [false]">
      <![CDATA[java.lang.AssertionError: expected [true] but found [false]
at com.framework1st.testCases.TC_02_LogInDDT.loginTestDDT(TC_02_LogInDDT.java:29)
... Removed 29 stack frames]]>
    </failure>
  </testcase> <!-- loginTestDDT -->
  <testcase name="loginTestDDT" time="7.336" classname="com.framework1st.testCases.TC_02_LogInDDT">
    <failure type="java.lang.AssertionError" message="expected [true] but found [false]">
      <![CDATA[java.lang.AssertionError: expected [true] but found [false]
at com.framework1st.testCases.TC_02_LogInDDT.loginTestDDT(TC_02_LogInDDT.java:29)
... Removed 29 stack frames]]>
    </failure>
  </testcase> <!-- loginTestDDT -->
  <testcase name="loginTest" time="6.386" classname="com.framework1st.testCases.TC_01_LogIn"/>
  <testcase name="addNewCustomer" time="24.297" classname="com.framework1st.testCases.TC_03_AddCustomer"/>
</testsuite> <!-- Test(failed) -->
