<?xml version="1.0" encoding="UTF-8"?>
<testng-results ignored="0" total="2" passed="2" failed="0" skipped="0">
  <reporter-output>
  </reporter-output>
  <suite started-at="2020-08-24T15:17:17 IST" name="Suite" finished-at="2020-08-24T15:18:14 IST" duration-ms="56512">
    <groups>
    </groups>
    <test started-at="2020-08-24T15:17:17 IST" name="Test" finished-at="2020-08-24T15:18:14 IST" duration-ms="56512">
      <class name="com.framework1st.testCases.TC_01_LogIn">
        <test-method is-config="true" signature="setUp(java.lang.String)[pri:0, instance:com.framework1st.testCases.TC_01_LogIn@3745e5c6]" started-at="2020-08-24T15:17:17 IST" name="setUp" finished-at="2020-08-24T15:17:29 IST" duration-ms="11112" status="PASS">
          <params>
            <param index="0">
              <value>
                <![CDATA[Chrome]]>
              </value>
            </param>
          </params>
          <reporter-output>
          </reporter-output>
        </test-method> <!-- setUp -->
        <test-method signature="loginTest()[pri:0, instance:com.framework1st.testCases.TC_01_LogIn@3745e5c6]" started-at="2020-08-24T15:17:29 IST" name="loginTest" finished-at="2020-08-24T15:17:35 IST" duration-ms="6189" status="PASS">
          <reporter-output>
          </reporter-output>
        </test-method> <!-- loginTest -->
        <test-method is-config="true" signature="tearDown()[pri:0, instance:com.framework1st.testCases.TC_01_LogIn@3745e5c6]" started-at="2020-08-24T15:17:35 IST" name="tearDown" finished-at="2020-08-24T15:17:35 IST" duration-ms="635" status="PASS">
          <reporter-output>
          </reporter-output>
        </test-method> <!-- tearDown -->
      </class> <!-- com.framework1st.testCases.TC_01_LogIn -->
      <class name="com.framework1st.testCases.TC_03_AddCustomer">
        <test-method is-config="true" signature="setUp(java.lang.String)[pri:0, instance:com.framework1st.testCases.TC_03_AddCustomer@5e4c8041]" started-at="2020-08-24T15:17:35 IST" name="setUp" finished-at="2020-08-24T15:17:48 IST" duration-ms="12780" status="PASS">
          <params>
            <param index="0">
              <value>
                <![CDATA[Chrome]]>
              </value>
            </param>
          </params>
          <reporter-output>
          </reporter-output>
        </test-method> <!-- setUp -->
        <test-method signature="addNewCustomer()[pri:0, instance:com.framework1st.testCases.TC_03_AddCustomer@5e4c8041]" started-at="2020-08-24T15:17:48 IST" name="addNewCustomer" finished-at="2020-08-24T15:18:13 IST" duration-ms="24981" status="PASS">
          <reporter-output>
          </reporter-output>
        </test-method> <!-- addNewCustomer -->
        <test-method is-config="true" signature="tearDown()[pri:0, instance:com.framework1st.testCases.TC_03_AddCustomer@5e4c8041]" started-at="2020-08-24T15:18:13 IST" name="tearDown" finished-at="2020-08-24T15:18:14 IST" duration-ms="639" status="PASS">
          <reporter-output>
          </reporter-output>
        </test-method> <!-- tearDown -->
      </class> <!-- com.framework1st.testCases.TC_03_AddCustomer -->
    </test> <!-- Test -->
  </suite> <!-- Suite -->
</testng-results>
